This is pdfTeX, Version 3.141592653-2.6-1.40.24 (TeX Live 2022) (preloaded format=pdflatex 2022.4.29)  3 MAY 2022 22:25
entering extended mode
 restricted \write18 enabled.
 %&-line parsing enabled.
**template-presentation-UL.tex
(./template-presentation-UL.tex
LaTeX2e <2021-11-15> patch level 1
L3 programming layer <2022-02-24>
(/usr/local/texlive/2022/texmf-dist/tex/latex/beamer/beamer.cls
Document Class: beamer 2022/02/08 v3.66 A class for typesetting presentations
(/usr/local/texlive/2022/texmf-dist/tex/latex/beamer/beamerbasemodes.sty
(/usr/local/texlive/2022/texmf-dist/tex/latex/etoolbox/etoolbox.sty
Package: etoolbox 2020/10/05 v2.5k e-TeX tools for LaTeX (JAW)
\etb@tempcnta=\count185
)
\beamer@tempbox=\box50
\beamer@tempcount=\count186
\c@beamerpauses=\count187

(/usr/local/texlive/2022/texmf-dist/tex/latex/beamer/beamerbasedecode.sty
\beamer@slideinframe=\count188
\beamer@minimum=\count189
\beamer@decode@box=\box51
)
\beamer@commentbox=\box52
\beamer@modecount=\count190
)
(/usr/local/texlive/2022/texmf-dist/tex/generic/iftex/iftex.sty
Package: iftex 2022/02/03 v1.0f TeX engine tests
)
\headdp=\dimen138
\footheight=\dimen139
\sidebarheight=\dimen140
\beamer@tempdim=\dimen141
\beamer@finalheight=\dimen142
\beamer@animht=\dimen143
\beamer@animdp=\dimen144
\beamer@animwd=\dimen145
\beamer@leftmargin=\dimen146
\beamer@rightmargin=\dimen147
\beamer@leftsidebar=\dimen148
\beamer@rightsidebar=\dimen149
\beamer@boxsize=\dimen150
\beamer@vboxoffset=\dimen151
\beamer@descdefault=\dimen152
\beamer@descriptionwidth=\dimen153
\beamer@lastskip=\skip47
\beamer@areabox=\box53
\beamer@animcurrent=\box54
\beamer@animshowbox=\box55
\beamer@sectionbox=\box56
\beamer@logobox=\box57
\beamer@linebox=\box58
\beamer@sectioncount=\count191
\beamer@subsubsectionmax=\count192
\beamer@subsectionmax=\count193
\beamer@sectionmax=\count194
\beamer@totalheads=\count195
\beamer@headcounter=\count196
\beamer@partstartpage=\count197
\beamer@sectionstartpage=\count198
\beamer@subsectionstartpage=\count199
\beamer@animationtempa=\count266
\beamer@animationtempb=\count267
\beamer@xpos=\count268
\beamer@ypos=\count269
\beamer@ypos@offset=\count270
\beamer@showpartnumber=\count271
\beamer@currentsubsection=\count272
\beamer@coveringdepth=\count273
\beamer@sectionadjust=\count274
\beamer@toclastsection=\count275
\beamer@tocsectionnumber=\count276

(/usr/local/texlive/2022/texmf-dist/tex/latex/beamer/beamerbaseoptions.sty
(/usr/local/texlive/2022/texmf-dist/tex/latex/graphics/keyval.sty
Package: keyval 2014/10/28 v1.15 key=value parser (DPC)
\KV@toks@=\toks16
))
\beamer@paperwidth=\skip48
\beamer@paperheight=\skip49

(/usr/local/texlive/2022/texmf-dist/tex/latex/geometry/geometry.sty
Package: geometry 2020/01/02 v5.9 Page Geometry

(/usr/local/texlive/2022/texmf-dist/tex/generic/iftex/ifvtex.sty
Package: ifvtex 2019/10/25 v1.7 ifvtex legacy package. Use iftex instead.
)
\Gm@cnth=\count277
\Gm@cntv=\count278
\c@Gm@tempcnt=\count279
\Gm@bindingoffset=\dimen154
\Gm@wd@mp=\dimen155
\Gm@odd@mp=\dimen156
\Gm@even@mp=\dimen157
\Gm@layoutwidth=\dimen158
\Gm@layoutheight=\dimen159
\Gm@layouthoffset=\dimen160
\Gm@layoutvoffset=\dimen161
\Gm@dimlist=\toks17
)
(/usr/local/texlive/2022/texmf-dist/tex/latex/pgf/math/pgfmath.sty
(/usr/local/texlive/2022/texmf-dist/tex/latex/pgf/utilities/pgfrcs.sty
(/usr/local/texlive/2022/texmf-dist/tex/generic/pgf/utilities/pgfutil-common.te
x
\pgfutil@everybye=\toks18
\pgfutil@tempdima=\dimen162
\pgfutil@tempdimb=\dimen163

(/usr/local/texlive/2022/texmf-dist/tex/generic/pgf/utilities/pgfutil-common-li
sts.tex))
(/usr/local/texlive/2022/texmf-dist/tex/generic/pgf/utilities/pgfutil-latex.def
\pgfutil@abb=\box59
) (/usr/local/texlive/2022/texmf-dist/tex/generic/pgf/utilities/pgfrcs.code.tex
(/usr/local/texlive/2022/texmf-dist/tex/generic/pgf/pgf.revision.tex)
Package: pgfrcs 2021/05/15 v3.1.9a (3.1.9a)
))
(/usr/local/texlive/2022/texmf-dist/tex/latex/pgf/utilities/pgfkeys.sty
(/usr/local/texlive/2022/texmf-dist/tex/generic/pgf/utilities/pgfkeys.code.tex
\pgfkeys@pathtoks=\toks19
\pgfkeys@temptoks=\toks20

(/usr/local/texlive/2022/texmf-dist/tex/generic/pgf/utilities/pgfkeysfiltered.c
ode.tex
\pgfkeys@tmptoks=\toks21
)))
(/usr/local/texlive/2022/texmf-dist/tex/generic/pgf/math/pgfmath.code.tex
(/usr/local/texlive/2022/texmf-dist/tex/generic/pgf/math/pgfmathcalc.code.tex
(/usr/local/texlive/2022/texmf-dist/tex/generic/pgf/math/pgfmathutil.code.tex
\pgf@x=\dimen164
\pgf@xa=\dimen165
\pgf@xb=\dimen166
\pgf@xc=\dimen167
\pgf@y=\dimen168
\pgf@ya=\dimen169
\pgf@yb=\dimen170
\pgf@yc=\dimen171
\c@pgf@counta=\count280
\c@pgf@countb=\count281
\c@pgf@countc=\count282
\c@pgf@countd=\count283
)
(/usr/local/texlive/2022/texmf-dist/tex/generic/pgf/math/pgfmathparser.code.tex
\pgfmath@dimen=\dimen172
\pgfmath@count=\count284
\pgfmath@box=\box60
\pgfmath@toks=\toks22
\pgfmath@stack@operand=\toks23
\pgfmath@stack@operation=\toks24
)
(/usr/local/texlive/2022/texmf-dist/tex/generic/pgf/math/pgfmathfunctions.code.
tex
(/usr/local/texlive/2022/texmf-dist/tex/generic/pgf/math/pgfmathfunctions.basic
.code.tex)
(/usr/local/texlive/2022/texmf-dist/tex/generic/pgf/math/pgfmathfunctions.trigo
nometric.code.tex)
(/usr/local/texlive/2022/texmf-dist/tex/generic/pgf/math/pgfmathfunctions.rando
m.code.tex)
(/usr/local/texlive/2022/texmf-dist/tex/generic/pgf/math/pgfmathfunctions.compa
rison.code.tex)
(/usr/local/texlive/2022/texmf-dist/tex/generic/pgf/math/pgfmathfunctions.base.
code.tex)
(/usr/local/texlive/2022/texmf-dist/tex/generic/pgf/math/pgfmathfunctions.round
.code.tex)
(/usr/local/texlive/2022/texmf-dist/tex/generic/pgf/math/pgfmathfunctions.misc.
code.tex)
(/usr/local/texlive/2022/texmf-dist/tex/generic/pgf/math/pgfmathfunctions.integ
erarithmetics.code.tex)))
(/usr/local/texlive/2022/texmf-dist/tex/generic/pgf/math/pgfmathfloat.code.tex
\c@pgfmathroundto@lastzeros=\count285
))) (/usr/local/texlive/2022/texmf-dist/tex/latex/base/size10.clo
File: size10.clo 2021/10/04 v1.4n Standard LaTeX file (size option)
)
(/usr/local/texlive/2022/texmf-dist/tex/latex/pgf/basiclayer/pgfcore.sty
(/usr/local/texlive/2022/texmf-dist/tex/latex/graphics/graphicx.sty
Package: graphicx 2021/09/16 v1.2d Enhanced LaTeX Graphics (DPC,SPQR)

(/usr/local/texlive/2022/texmf-dist/tex/latex/graphics/graphics.sty
Package: graphics 2021/03/04 v1.4d Standard LaTeX Graphics (DPC,SPQR)

(/usr/local/texlive/2022/texmf-dist/tex/latex/graphics/trig.sty
Package: trig 2021/08/11 v1.11 sin cos tan (DPC)
)
(/usr/local/texlive/2022/texmf-dist/tex/latex/graphics-cfg/graphics.cfg
File: graphics.cfg 2016/06/04 v1.11 sample graphics configuration
)
Package graphics Info: Driver file: pdftex.def on input line 107.

(/usr/local/texlive/2022/texmf-dist/tex/latex/graphics-def/pdftex.def
File: pdftex.def 2020/10/05 v1.2a Graphics/color driver for pdftex
))
\Gin@req@height=\dimen173
\Gin@req@width=\dimen174
)
(/usr/local/texlive/2022/texmf-dist/tex/latex/pgf/systemlayer/pgfsys.sty
(/usr/local/texlive/2022/texmf-dist/tex/generic/pgf/systemlayer/pgfsys.code.tex
Package: pgfsys 2021/05/15 v3.1.9a (3.1.9a)
(/usr/local/texlive/2022/texmf-dist/tex/generic/pgf/utilities/pgfkeys.code.tex)
\pgf@x=\dimen175
\pgf@y=\dimen176
\pgf@xa=\dimen177
\pgf@ya=\dimen178
\pgf@xb=\dimen179
\pgf@yb=\dimen180
\pgf@xc=\dimen181
\pgf@yc=\dimen182
\pgf@xd=\dimen183
\pgf@yd=\dimen184
\w@pgf@writea=\write3
\r@pgf@reada=\read2
\c@pgf@counta=\count286
\c@pgf@countb=\count287
\c@pgf@countc=\count288
\c@pgf@countd=\count289
\t@pgf@toka=\toks25
\t@pgf@tokb=\toks26
\t@pgf@tokc=\toks27
\pgf@sys@id@count=\count290
(/usr/local/texlive/2022/texmf-dist/tex/generic/pgf/systemlayer/pgf.cfg
File: pgf.cfg 2021/05/15 v3.1.9a (3.1.9a)
)
Driver file for pgf: pgfsys-pdftex.def

(/usr/local/texlive/2022/texmf-dist/tex/generic/pgf/systemlayer/pgfsys-pdftex.d
ef
File: pgfsys-pdftex.def 2021/05/15 v3.1.9a (3.1.9a)

(/usr/local/texlive/2022/texmf-dist/tex/generic/pgf/systemlayer/pgfsys-common-p
df.def
File: pgfsys-common-pdf.def 2021/05/15 v3.1.9a (3.1.9a)
)))
(/usr/local/texlive/2022/texmf-dist/tex/generic/pgf/systemlayer/pgfsyssoftpath.
code.tex
File: pgfsyssoftpath.code.tex 2021/05/15 v3.1.9a (3.1.9a)
\pgfsyssoftpath@smallbuffer@items=\count291
\pgfsyssoftpath@bigbuffer@items=\count292
)
(/usr/local/texlive/2022/texmf-dist/tex/generic/pgf/systemlayer/pgfsysprotocol.
code.tex
File: pgfsysprotocol.code.tex 2021/05/15 v3.1.9a (3.1.9a)
)) (/usr/local/texlive/2022/texmf-dist/tex/latex/xcolor/xcolor.sty
Package: xcolor 2021/10/31 v2.13 LaTeX color extensions (UK)

(/usr/local/texlive/2022/texmf-dist/tex/latex/graphics-cfg/color.cfg
File: color.cfg 2016/01/02 v1.6 sample color configuration
)
Package xcolor Info: Driver file: pdftex.def on input line 227.
Package xcolor Info: Model `cmy' substituted by `cmy0' on input line 1352.
Package xcolor Info: Model `hsb' substituted by `rgb' on input line 1356.
Package xcolor Info: Model `RGB' extended on input line 1368.
Package xcolor Info: Model `HTML' substituted by `rgb' on input line 1370.
Package xcolor Info: Model `Hsb' substituted by `hsb' on input line 1371.
Package xcolor Info: Model `tHsb' substituted by `hsb' on input line 1372.
Package xcolor Info: Model `HSB' substituted by `hsb' on input line 1373.
Package xcolor Info: Model `Gray' substituted by `gray' on input line 1374.
Package xcolor Info: Model `wave' substituted by `hsb' on input line 1375.

(/usr/local/texlive/2022/texmf-dist/tex/latex/xcolor/svgnam.def
File: svgnam.def 2021/10/31 v2.13 Predefined colors according to SVG 1.1 (UK)
))
(/usr/local/texlive/2022/texmf-dist/tex/generic/pgf/basiclayer/pgfcore.code.tex
Package: pgfcore 2021/05/15 v3.1.9a (3.1.9a)
(/usr/local/texlive/2022/texmf-dist/tex/generic/pgf/math/pgfmath.code.tex)
(/usr/local/texlive/2022/texmf-dist/tex/generic/pgf/math/pgfint.code.tex)
(/usr/local/texlive/2022/texmf-dist/tex/generic/pgf/basiclayer/pgfcorepoints.co
de.tex
File: pgfcorepoints.code.tex 2021/05/15 v3.1.9a (3.1.9a)
\pgf@picminx=\dimen185
\pgf@picmaxx=\dimen186
\pgf@picminy=\dimen187
\pgf@picmaxy=\dimen188
\pgf@pathminx=\dimen189
\pgf@pathmaxx=\dimen190
\pgf@pathminy=\dimen191
\pgf@pathmaxy=\dimen192
\pgf@xx=\dimen193
\pgf@xy=\dimen194
\pgf@yx=\dimen195
\pgf@yy=\dimen196
\pgf@zx=\dimen197
\pgf@zy=\dimen198
)
(/usr/local/texlive/2022/texmf-dist/tex/generic/pgf/basiclayer/pgfcorepathconst
ruct.code.tex
File: pgfcorepathconstruct.code.tex 2021/05/15 v3.1.9a (3.1.9a)
\pgf@path@lastx=\dimen199
\pgf@path@lasty=\dimen256
)
(/usr/local/texlive/2022/texmf-dist/tex/generic/pgf/basiclayer/pgfcorepathusage
.code.tex
File: pgfcorepathusage.code.tex 2021/05/15 v3.1.9a (3.1.9a)
\pgf@shorten@end@additional=\dimen257
\pgf@shorten@start@additional=\dimen258
)
(/usr/local/texlive/2022/texmf-dist/tex/generic/pgf/basiclayer/pgfcorescopes.co
de.tex
File: pgfcorescopes.code.tex 2021/05/15 v3.1.9a (3.1.9a)
\pgfpic=\box61
\pgf@hbox=\box62
\pgf@layerbox@main=\box63
\pgf@picture@serial@count=\count293
)
(/usr/local/texlive/2022/texmf-dist/tex/generic/pgf/basiclayer/pgfcoregraphicst
ate.code.tex
File: pgfcoregraphicstate.code.tex 2021/05/15 v3.1.9a (3.1.9a)
\pgflinewidth=\dimen259
)
(/usr/local/texlive/2022/texmf-dist/tex/generic/pgf/basiclayer/pgfcoretransform
ations.code.tex
File: pgfcoretransformations.code.tex 2021/05/15 v3.1.9a (3.1.9a)
\pgf@pt@x=\dimen260
\pgf@pt@y=\dimen261
\pgf@pt@temp=\dimen262
)
(/usr/local/texlive/2022/texmf-dist/tex/generic/pgf/basiclayer/pgfcorequick.cod
e.tex
File: pgfcorequick.code.tex 2021/05/15 v3.1.9a (3.1.9a)
)
(/usr/local/texlive/2022/texmf-dist/tex/generic/pgf/basiclayer/pgfcoreobjects.c
ode.tex
File: pgfcoreobjects.code.tex 2021/05/15 v3.1.9a (3.1.9a)
)
(/usr/local/texlive/2022/texmf-dist/tex/generic/pgf/basiclayer/pgfcorepathproce
ssing.code.tex
File: pgfcorepathprocessing.code.tex 2021/05/15 v3.1.9a (3.1.9a)
)
(/usr/local/texlive/2022/texmf-dist/tex/generic/pgf/basiclayer/pgfcorearrows.co
de.tex
File: pgfcorearrows.code.tex 2021/05/15 v3.1.9a (3.1.9a)
\pgfarrowsep=\dimen263
)
(/usr/local/texlive/2022/texmf-dist/tex/generic/pgf/basiclayer/pgfcoreshade.cod
e.tex
File: pgfcoreshade.code.tex 2021/05/15 v3.1.9a (3.1.9a)
\pgf@max=\dimen264
\pgf@sys@shading@range@num=\count294
\pgf@shadingcount=\count295
)
(/usr/local/texlive/2022/texmf-dist/tex/generic/pgf/basiclayer/pgfcoreimage.cod
e.tex
File: pgfcoreimage.code.tex 2021/05/15 v3.1.9a (3.1.9a)

(/usr/local/texlive/2022/texmf-dist/tex/generic/pgf/basiclayer/pgfcoreexternal.
code.tex
File: pgfcoreexternal.code.tex 2021/05/15 v3.1.9a (3.1.9a)
\pgfexternal@startupbox=\box64
))
(/usr/local/texlive/2022/texmf-dist/tex/generic/pgf/basiclayer/pgfcorelayers.co
de.tex
File: pgfcorelayers.code.tex 2021/05/15 v3.1.9a (3.1.9a)
)
(/usr/local/texlive/2022/texmf-dist/tex/generic/pgf/basiclayer/pgfcoretranspare
ncy.code.tex
File: pgfcoretransparency.code.tex 2021/05/15 v3.1.9a (3.1.9a)
)
(/usr/local/texlive/2022/texmf-dist/tex/generic/pgf/basiclayer/pgfcorepatterns.
code.tex
File: pgfcorepatterns.code.tex 2021/05/15 v3.1.9a (3.1.9a)
)
(/usr/local/texlive/2022/texmf-dist/tex/generic/pgf/basiclayer/pgfcorerdf.code.
tex
File: pgfcorerdf.code.tex 2021/05/15 v3.1.9a (3.1.9a)
))) (/usr/local/texlive/2022/texmf-dist/tex/latex/pgf/utilities/xxcolor.sty
Package: xxcolor 2003/10/24 ver 0.1
\XC@nummixins=\count296
\XC@countmixins=\count297
) (/usr/local/texlive/2022/texmf-dist/tex/latex/base/atbegshi-ltx.sty
Package: atbegshi-ltx 2021/01/10 v1.0c Emulation of the original atbegshi
package with kernel methods
)
(/usr/local/texlive/2022/texmf-dist/tex/latex/hyperref/hyperref.sty
Package: hyperref 2022-02-21 v7.00n Hypertext links for LaTeX

(/usr/local/texlive/2022/texmf-dist/tex/generic/ltxcmds/ltxcmds.sty
Package: ltxcmds 2020-05-10 v1.25 LaTeX kernel commands for general use (HO)
)
(/usr/local/texlive/2022/texmf-dist/tex/generic/pdftexcmds/pdftexcmds.sty
Package: pdftexcmds 2020-06-27 v0.33 Utility functions of pdfTeX for LuaTeX (HO
)

(/usr/local/texlive/2022/texmf-dist/tex/generic/infwarerr/infwarerr.sty
Package: infwarerr 2019/12/03 v1.5 Providing info/warning/error messages (HO)
)
Package pdftexcmds Info: \pdf@primitive is available.
Package pdftexcmds Info: \pdf@ifprimitive is available.
Package pdftexcmds Info: \pdfdraftmode found.
)
(/usr/local/texlive/2022/texmf-dist/tex/generic/kvsetkeys/kvsetkeys.sty
Package: kvsetkeys 2019/12/15 v1.18 Key value parser (HO)
)
(/usr/local/texlive/2022/texmf-dist/tex/generic/kvdefinekeys/kvdefinekeys.sty
Package: kvdefinekeys 2019-12-19 v1.6 Define keys (HO)
)
(/usr/local/texlive/2022/texmf-dist/tex/generic/pdfescape/pdfescape.sty
Package: pdfescape 2019/12/09 v1.15 Implements pdfTeX's escape features (HO)
)
(/usr/local/texlive/2022/texmf-dist/tex/latex/hycolor/hycolor.sty
Package: hycolor 2020-01-27 v1.10 Color options for hyperref/bookmark (HO)
)
(/usr/local/texlive/2022/texmf-dist/tex/latex/letltxmacro/letltxmacro.sty
Package: letltxmacro 2019/12/03 v1.6 Let assignment for LaTeX macros (HO)
)
(/usr/local/texlive/2022/texmf-dist/tex/latex/auxhook/auxhook.sty
Package: auxhook 2019-12-17 v1.6 Hooks for auxiliary files (HO)
)
(/usr/local/texlive/2022/texmf-dist/tex/latex/kvoptions/kvoptions.sty
Package: kvoptions 2020-10-07 v3.14 Key value format for package options (HO)
)
\@linkdim=\dimen265
\Hy@linkcounter=\count298
\Hy@pagecounter=\count299

(/usr/local/texlive/2022/texmf-dist/tex/latex/hyperref/pd1enc.def
File: pd1enc.def 2022-02-21 v7.00n Hyperref: PDFDocEncoding definition (HO)
Now handling font encoding PD1 ...
... no UTF-8 mapping file for font encoding PD1
)
(/usr/local/texlive/2022/texmf-dist/tex/generic/intcalc/intcalc.sty
Package: intcalc 2019/12/15 v1.3 Expandable calculations with integers (HO)
)
(/usr/local/texlive/2022/texmf-dist/tex/generic/etexcmds/etexcmds.sty
Package: etexcmds 2019/12/15 v1.7 Avoid name clashes with e-TeX commands (HO)
)
\Hy@SavedSpaceFactor=\count300

(/usr/local/texlive/2022/texmf-dist/tex/latex/hyperref/puenc.def
File: puenc.def 2022-02-21 v7.00n Hyperref: PDF Unicode definition (HO)
Now handling font encoding PU ...
... no UTF-8 mapping file for font encoding PU
)
Package hyperref Info: Option `bookmarks' set `true' on input line 4018.
Package hyperref Info: Option `bookmarksopen' set `true' on input line 4018.
Package hyperref Info: Option `implicit' set `false' on input line 4018.
Package hyperref Info: Hyper figures OFF on input line 4137.
Package hyperref Info: Link nesting OFF on input line 4142.
Package hyperref Info: Hyper index ON on input line 4145.
Package hyperref Info: Plain pages OFF on input line 4152.
Package hyperref Info: Backreferencing OFF on input line 4157.
Package hyperref Info: Implicit mode OFF; no redefinition of LaTeX internals.
Package hyperref Info: Bookmarks ON on input line 4390.
\c@Hy@tempcnt=\count301

(/usr/local/texlive/2022/texmf-dist/tex/latex/url/url.sty
\Urlmuskip=\muskip16
Package: url 2013/09/16  ver 3.4  Verb mode for urls, etc.
)
LaTeX Info: Redefining \url on input line 4749.
\XeTeXLinkMargin=\dimen266

(/usr/local/texlive/2022/texmf-dist/tex/generic/bitset/bitset.sty
Package: bitset 2019/12/09 v1.3 Handle bit-vector datatype (HO)

(/usr/local/texlive/2022/texmf-dist/tex/generic/bigintcalc/bigintcalc.sty
Package: bigintcalc 2019/12/15 v1.5 Expandable calculations on big integers (HO
)
))
\Fld@menulength=\count302
\Field@Width=\dimen267
\Fld@charsize=\dimen268
Package hyperref Info: Hyper figures OFF on input line 6027.
Package hyperref Info: Link nesting OFF on input line 6032.
Package hyperref Info: Hyper index ON on input line 6035.
Package hyperref Info: backreferencing OFF on input line 6042.
Package hyperref Info: Link coloring OFF on input line 6047.
Package hyperref Info: Link coloring with OCG OFF on input line 6052.
Package hyperref Info: PDF/A mode OFF on input line 6057.
LaTeX Info: Redefining \ref on input line 6097.
LaTeX Info: Redefining \pageref on input line 6101.
\Hy@abspage=\count303


Package hyperref Message: Stopped early.

)
Package hyperref Info: Driver (autodetected): hpdftex.
 (/usr/local/texlive/2022/texmf-dist/tex/latex/hyperref/hpdftex.def
File: hpdftex.def 2022-02-21 v7.00n Hyperref driver for pdfTeX

(/usr/local/texlive/2022/texmf-dist/tex/latex/base/atveryend-ltx.sty
Package: atveryend-ltx 2020/08/19 v1.0a Emulation of the original atveryend pac
kage
with kernel methods
)
\Fld@listcount=\count304
\c@bookmark@seq@number=\count305

(/usr/local/texlive/2022/texmf-dist/tex/latex/rerunfilecheck/rerunfilecheck.sty
Package: rerunfilecheck 2019/12/05 v1.9 Rerun checks for auxiliary files (HO)

(/usr/local/texlive/2022/texmf-dist/tex/generic/uniquecounter/uniquecounter.sty
Package: uniquecounter 2019/12/15 v1.4 Provide unlimited unique counter (HO)
)
Package uniquecounter Info: New unique counter `rerunfilecheck' on input line 2
86.
)) (/usr/local/texlive/2022/texmf-dist/tex/latex/beamer/beamerbaserequires.sty
(/usr/local/texlive/2022/texmf-dist/tex/latex/beamer/beamerbasecompatibility.st
y) (/usr/local/texlive/2022/texmf-dist/tex/latex/beamer/beamerbasefont.sty
(/usr/local/texlive/2022/texmf-dist/tex/latex/amsfonts/amssymb.sty
Package: amssymb 2013/01/14 v3.01 AMS font symbols

(/usr/local/texlive/2022/texmf-dist/tex/latex/amsfonts/amsfonts.sty
Package: amsfonts 2013/01/14 v3.01 Basic AMSFonts support
\@emptytoks=\toks28
\symAMSa=\mathgroup4
\symAMSb=\mathgroup5
LaTeX Font Info:    Redeclaring math symbol \hbar on input line 98.
LaTeX Font Info:    Overwriting math alphabet `\mathfrak' in version `bold'
(Font)                  U/euf/m/n --> U/euf/b/n on input line 106.
))
(/usr/local/texlive/2022/texmf-dist/tex/latex/sansmathaccent/sansmathaccent.sty
Package: sansmathaccent 2020/01/31
(/usr/local/texlive/2022/texmf-dist/tex/latex/koma-script/scrlfile.sty
Package: scrlfile 2021/11/13 v3.35 KOMA-Script package (file load hooks)

(/usr/local/texlive/2022/texmf-dist/tex/latex/koma-script/scrlfile-hook.sty
Package: scrlfile-hook 2021/11/13 v3.35 KOMA-Script package (using LaTeX hooks)


(/usr/local/texlive/2022/texmf-dist/tex/latex/koma-script/scrlogo.sty
Package: scrlogo 2021/11/13 v3.35 KOMA-Script package (logo)
)))))
(/usr/local/texlive/2022/texmf-dist/tex/latex/beamer/beamerbasetranslator.sty
(/usr/local/texlive/2022/texmf-dist/tex/latex/translator/translator.sty
Package: translator 2021-05-31 v1.12d Easy translation of strings in LaTeX
))
(/usr/local/texlive/2022/texmf-dist/tex/latex/beamer/beamerbasemisc.sty)
(/usr/local/texlive/2022/texmf-dist/tex/latex/beamer/beamerbasetwoscreens.sty)
(/usr/local/texlive/2022/texmf-dist/tex/latex/beamer/beamerbaseoverlay.sty
\beamer@argscount=\count306
\beamer@lastskipcover=\skip50
\beamer@trivlistdepth=\count307
)
(/usr/local/texlive/2022/texmf-dist/tex/latex/beamer/beamerbasetitle.sty)
(/usr/local/texlive/2022/texmf-dist/tex/latex/beamer/beamerbasesection.sty
\c@lecture=\count308
\c@part=\count309
\c@section=\count310
\c@subsection=\count311
\c@subsubsection=\count312
)
(/usr/local/texlive/2022/texmf-dist/tex/latex/beamer/beamerbaseframe.sty
\beamer@framebox=\box65
\beamer@frametitlebox=\box66
\beamer@zoombox=\box67
\beamer@zoomcount=\count313
\beamer@zoomframecount=\count314
\beamer@frametextheight=\dimen269
\c@subsectionslide=\count315
\beamer@frametopskip=\skip51
\beamer@framebottomskip=\skip52
\beamer@frametopskipautobreak=\skip53
\beamer@framebottomskipautobreak=\skip54
\beamer@envbody=\toks29
\framewidth=\dimen270
\c@framenumber=\count316
)
(/usr/local/texlive/2022/texmf-dist/tex/latex/beamer/beamerbaseverbatim.sty
\beamer@verbatimfileout=\write4
)
(/usr/local/texlive/2022/texmf-dist/tex/latex/beamer/beamerbaseframesize.sty
\beamer@splitbox=\box68
\beamer@autobreakcount=\count317
\beamer@autobreaklastheight=\dimen271
\beamer@frametitletoks=\toks30
\beamer@framesubtitletoks=\toks31
)
(/usr/local/texlive/2022/texmf-dist/tex/latex/beamer/beamerbaseframecomponents.
sty
\beamer@footins=\box69
) (/usr/local/texlive/2022/texmf-dist/tex/latex/beamer/beamerbasecolor.sty)
(/usr/local/texlive/2022/texmf-dist/tex/latex/beamer/beamerbasenotes.sty
\beamer@frameboxcopy=\box70
)
(/usr/local/texlive/2022/texmf-dist/tex/latex/beamer/beamerbasetoc.sty)
(/usr/local/texlive/2022/texmf-dist/tex/latex/beamer/beamerbasetemplates.sty
\beamer@sbttoks=\toks32

(/usr/local/texlive/2022/texmf-dist/tex/latex/beamer/beamerbaseauxtemplates.sty
(/usr/local/texlive/2022/texmf-dist/tex/latex/beamer/beamerbaseboxes.sty
\bmb@box=\box71
\bmb@colorbox=\box72
\bmb@boxwidth=\dimen272
\bmb@boxheight=\dimen273
\bmb@prevheight=\dimen274
\bmb@temp=\dimen275
\bmb@dima=\dimen276
\bmb@dimb=\dimen277
\bmb@prevheight=\dimen278
)
\beamer@blockheadheight=\dimen279
))
(/usr/local/texlive/2022/texmf-dist/tex/latex/beamer/beamerbaselocalstructure.s
ty (/usr/local/texlive/2022/texmf-dist/tex/latex/tools/enumerate.sty
Package: enumerate 2015/07/23 v3.00 enumerate extensions (DPC)
\@enLab=\toks33
)
\beamer@bibiconwidth=\skip55
\c@figure=\count318
\c@table=\count319
\abovecaptionskip=\skip56
\belowcaptionskip=\skip57
)
(/usr/local/texlive/2022/texmf-dist/tex/latex/beamer/beamerbasenavigation.sty
\beamer@section@min@dim=\dimen280
)
(/usr/local/texlive/2022/texmf-dist/tex/latex/beamer/beamerbasetheorems.sty
(/usr/local/texlive/2022/texmf-dist/tex/latex/amsmath/amsmath.sty
Package: amsmath 2021/10/15 v2.17l AMS math features
\@mathmargin=\skip58

For additional information on amsmath, use the `?' option.
(/usr/local/texlive/2022/texmf-dist/tex/latex/amsmath/amstext.sty
Package: amstext 2021/08/26 v2.01 AMS text

(/usr/local/texlive/2022/texmf-dist/tex/latex/amsmath/amsgen.sty
File: amsgen.sty 1999/11/30 v2.0 generic functions
\@emptytoks=\toks34
\ex@=\dimen281
))
(/usr/local/texlive/2022/texmf-dist/tex/latex/amsmath/amsbsy.sty
Package: amsbsy 1999/11/29 v1.2d Bold Symbols
\pmbraise@=\dimen282
)
(/usr/local/texlive/2022/texmf-dist/tex/latex/amsmath/amsopn.sty
Package: amsopn 2021/08/26 v2.02 operator names
)
\inf@bad=\count320
LaTeX Info: Redefining \frac on input line 234.
\uproot@=\count321
\leftroot@=\count322
LaTeX Info: Redefining \overline on input line 399.
\classnum@=\count323
\DOTSCASE@=\count324
LaTeX Info: Redefining \ldots on input line 496.
LaTeX Info: Redefining \dots on input line 499.
LaTeX Info: Redefining \cdots on input line 620.
\Mathstrutbox@=\box73
\strutbox@=\box74
\big@size=\dimen283
LaTeX Font Info:    Redeclaring font encoding OML on input line 743.
LaTeX Font Info:    Redeclaring font encoding OMS on input line 744.
\macc@depth=\count325
\c@MaxMatrixCols=\count326
\dotsspace@=\muskip17
\c@parentequation=\count327
\dspbrk@lvl=\count328
\tag@help=\toks35
\row@=\count329
\column@=\count330
\maxfields@=\count331
\andhelp@=\toks36
\eqnshift@=\dimen284
\alignsep@=\dimen285
\tagshift@=\dimen286
\tagwidth@=\dimen287
\totwidth@=\dimen288
\lineht@=\dimen289
\@envbody=\toks37
\multlinegap=\skip59
\multlinetaggap=\skip60
\mathdisplay@stack=\toks38
LaTeX Info: Redefining \[ on input line 2938.
LaTeX Info: Redefining \] on input line 2939.
)
(/usr/local/texlive/2022/texmf-dist/tex/latex/amscls/amsthm.sty
Package: amsthm 2020/05/29 v2.20.6
\thm@style=\toks39
\thm@bodyfont=\toks40
\thm@headfont=\toks41
\thm@notefont=\toks42
\thm@headpunct=\toks43
\thm@preskip=\skip61
\thm@postskip=\skip62
\thm@headsep=\skip63
\dth@everypar=\toks44
)
\c@theorem=\count332
)
(/usr/local/texlive/2022/texmf-dist/tex/latex/beamer/beamerbasethemes.sty))
(/usr/local/texlive/2022/texmf-dist/tex/latex/beamer/beamerthemedefault.sty
(/usr/local/texlive/2022/texmf-dist/tex/latex/beamer/beamerfontthemedefault.sty
)
(/usr/local/texlive/2022/texmf-dist/tex/latex/beamer/beamercolorthemedefault.st
y)
(/usr/local/texlive/2022/texmf-dist/tex/latex/beamer/beamerinnerthemedefault.st
y
\beamer@dima=\dimen290
\beamer@dimb=\dimen291
)
(/usr/local/texlive/2022/texmf-dist/tex/latex/beamer/beamerouterthemedefault.st
y))) (/usr/local/texlive/2022/texmf-dist/tex/generic/babel/babel.sty
Package: babel 2022/02/26 3.73 The Babel package
\babel@savecnt=\count333
\U@D=\dimen292
\l@unhyphenated=\language87

(/usr/local/texlive/2022/texmf-dist/tex/generic/babel/txtbabel.def)
\bbl@readstream=\read3
LaTeX Info: Redefining \textlatin on input line 3969.
\bbl@dirlevel=\count334

(/usr/local/texlive/2022/texmf-dist/tex/generic/babel-french/frenchb.ldf
Language: frenchb 2021/07/20 v3.5m French support from the babel system


Package babel-french Warning: Option `frenchb' for Babel is *deprecated*,
(babel-french)                it might be removed sooner or later. Please
(babel-french)                use `french' instead; reported on input line 35.

(/usr/local/texlive/2022/texmf-dist/tex/generic/babel-french/french.ldf
Language: french 2021/07/20 v3.5m French support from the babel system
Package babel Info: Hyphen rules for 'acadian' set to \l@french
(babel)             (\language29). Reported on input line 91.
Package babel Info: Hyphen rules for 'canadien' set to \l@french
(babel)             (\language29). Reported on input line 92.
\FB@nonchar=\count335
Package babel Info: Making : an active character on input line 430.
Package babel Info: Making ; an active character on input line 431.
Package babel Info: Making ! an active character on input line 432.
Package babel Info: Making ? an active character on input line 433.
\FBguill@level=\count336
\FBold@everypar=\toks45
\FB@Mht=\dimen293
\mc@charclass=\count337
\mc@charfam=\count338
\mc@charslot=\count339
\std@mcc=\count340
\dec@mcc=\count341
\listindentFB=\dimen294
\descindentFB=\dimen295
\labelindentFB=\dimen296
\labelwidthFB=\dimen297
\leftmarginFB=\dimen298
\parindentFFN=\dimen299
\FBfnindent=\dimen300
)))
(/usr/local/texlive/2022/texmf-dist/tex/latex/carlisle/scalefnt.sty)
Package french.ldf Info: No list customisation for the beamer class,
(french.ldf)             reported on input line 5.

(/usr/local/texlive/2022/texmf-dist/tex/latex/base/inputenc.sty
Package: inputenc 2021/02/14 v1.3d Input encoding file
\inpenc@prehook=\toks46
\inpenc@posthook=\toks47

(/usr/local/texlive/2022/texmf-dist/tex/latex/ucs/utf8x.def
File: utf8x.def 2004/10/17 UCS: Input encoding UTF-8
))
(/usr/local/texlive/2022/texmf-dist/tex/latex/ucs/ucs.sty
Package: ucs 2013/05/11 v2.2 UCS: Unicode input support

(/usr/local/texlive/2022/texmf-dist/tex/latex/ucs/data/uni-global.def
File: uni-global.def 2013/05/13 UCS: Unicode global data
)
\uc@secondtry=\count342
\uc@combtoks=\toks48
\uc@combtoksb=\toks49
\uc@temptokena=\toks50
)
(/usr/local/texlive/2022/texmf-dist/tex/latex/lm/lmodern.sty
Package: lmodern 2015/05/01 v1.6.1 Latin Modern Fonts
LaTeX Font Info:    Overwriting symbol font `operators' in version `normal'
(Font)                  OT1/cmr/m/n --> OT1/lmr/m/n on input line 22.
LaTeX Font Info:    Overwriting symbol font `letters' in version `normal'
(Font)                  OML/cmm/m/it --> OML/lmm/m/it on input line 23.
LaTeX Font Info:    Overwriting symbol font `symbols' in version `normal'
(Font)                  OMS/cmsy/m/n --> OMS/lmsy/m/n on input line 24.
LaTeX Font Info:    Overwriting symbol font `largesymbols' in version `normal'
(Font)                  OMX/cmex/m/n --> OMX/lmex/m/n on input line 25.
LaTeX Font Info:    Overwriting symbol font `operators' in version `bold'
(Font)                  OT1/cmr/bx/n --> OT1/lmr/bx/n on input line 26.
LaTeX Font Info:    Overwriting symbol font `letters' in version `bold'
(Font)                  OML/cmm/b/it --> OML/lmm/b/it on input line 27.
LaTeX Font Info:    Overwriting symbol font `symbols' in version `bold'
(Font)                  OMS/cmsy/b/n --> OMS/lmsy/b/n on input line 28.
LaTeX Font Info:    Overwriting symbol font `largesymbols' in version `bold'
(Font)                  OMX/cmex/m/n --> OMX/lmex/m/n on input line 29.
LaTeX Font Info:    Overwriting math alphabet `\mathbf' in version `normal'
(Font)                  OT1/cmr/bx/n --> OT1/lmr/bx/n on input line 31.
LaTeX Font Info:    Overwriting math alphabet `\mathsf' in version `normal'
(Font)                  OT1/cmss/m/n --> OT1/lmss/m/n on input line 32.
LaTeX Font Info:    Overwriting math alphabet `\mathit' in version `normal'
(Font)                  OT1/cmr/m/it --> OT1/lmr/m/it on input line 33.
LaTeX Font Info:    Overwriting math alphabet `\mathtt' in version `normal'
(Font)                  OT1/cmtt/m/n --> OT1/lmtt/m/n on input line 34.
LaTeX Font Info:    Overwriting math alphabet `\mathbf' in version `bold'
(Font)                  OT1/cmr/bx/n --> OT1/lmr/bx/n on input line 35.
LaTeX Font Info:    Overwriting math alphabet `\mathsf' in version `bold'
(Font)                  OT1/cmss/bx/n --> OT1/lmss/bx/n on input line 36.
LaTeX Font Info:    Overwriting math alphabet `\mathit' in version `bold'
(Font)                  OT1/cmr/bx/it --> OT1/lmr/bx/it on input line 37.
LaTeX Font Info:    Overwriting math alphabet `\mathtt' in version `bold'
(Font)                  OT1/cmtt/m/n --> OT1/lmtt/m/n on input line 38.
)
(/usr/local/texlive/2022/texmf-dist/tex/latex/base/fontenc.sty
Package: fontenc 2021/04/29 v2.0v Standard LaTeX package
LaTeX Font Info:    Trying to load font information for T1+lmss on input line 1
12.

(/usr/local/texlive/2022/texmf-dist/tex/latex/lm/t1lmss.fd
File: t1lmss.fd 2015/05/01 v1.6.1 Font defs for Latin Modern
))
(/usr/local/texlive/2022/texmf-dist/tex/latex/etex-pkg/etex.sty
Package: etex 2016/08/01 v2.7 eTeX basic definition package (PEB,DPC)


Package etex Warning: Extended allocation already in use.
(etex)                etex.sty code will not be used.
(etex)                To force etex package to load, add
(etex)                \RequirePackage{etex}
(etex)                at the start of the document.

) (/usr/local/texlive/2022/texmf-dist/tex/generic/ulem/ulem.sty
\UL@box=\box75
\UL@hyphenbox=\box76
\UL@skip=\skip64
\UL@hook=\toks51
\UL@height=\dimen301
\UL@pe=\count343
\UL@pixel=\dimen302
\ULC@box=\box77
Package: ulem 2019/11/18
\ULdepth=\dimen303
)
(/usr/local/texlive/2022/texmf-dist/tex/latex/base/textcomp.sty
Package: textcomp 2020/02/02 v2.0n Standard LaTeX package
)
(/usr/local/texlive/2022/texmf-dist/tex/latex/pdflscape/pdflscape.sty
Package: pdflscape 2019/12/05 v0.12 Display of landscape pages in PDF (HO)

(/usr/local/texlive/2022/texmf-dist/tex/latex/graphics/lscape.sty
Package: lscape 2020/05/28 v3.02 Landscape Pages (DPC)
)
Package pdflscape Info: Auto-detected driver: pdftex on input line 81.
)
(/usr/local/texlive/2022/texmf-dist/tex/latex/marvosym/marvosym.sty
Package: marvosym 2011/07/20 v2.2 Martin Vogel's Symbols font definitions
)
(/usr/local/texlive/2022/texmf-dist/tex/latex/wasysym/wasysym.sty
Package: wasysym 2020/01/19 v2.4 Wasy-2 symbol support package
\symwasy=\mathgroup6
LaTeX Font Info:    Overwriting symbol font `wasy' in version `bold'
(Font)                  U/wasy/m/n --> U/wasy/b/n on input line 93.
)
(/usr/local/texlive/2022/texmf-dist/tex/latex/qtree/qtree.sty
Package: 2008/12/12 v.3.1bQtree: tree-drawing for linguistics
Package: qtree 2008/12/12 v.3.1bQtree: tree-drawing for linguistics
(/usr/local/texlive/2022/texmf-dist/tex/latex/pict2e/pict2e.sty
Package: pict2e 2020/09/30 v0.4b Improved picture commands (HjG,RN,JT)

(/usr/local/texlive/2022/texmf-dist/tex/latex/pict2e/pict2e.cfg
File: pict2e.cfg 2016/02/05 v0.1u pict2e configuration for teTeX/TeXLive
)
Package pict2e Info: Driver file: pdftex.def on input line 112.
Package pict2e Info: Driver file for pict2e: p2e-pdftex.def on input line 114.

(/usr/local/texlive/2022/texmf-dist/tex/latex/pict2e/p2e-pdftex.def
File: p2e-pdftex.def 2016/02/05 v0.1u Driver-dependant file (RN,HjG,JT)
)
\pIIe@GRAPH=\toks52
\@arclen=\dimen304
\@arcrad=\dimen305
\pIIe@tempdima=\dimen306
\pIIe@tempdimb=\dimen307
\pIIe@tempdimc=\dimen308
\pIIe@tempdimd=\dimen309
\pIIe@tempdime=\dimen310
\pIIe@tempdimf=\dimen311
)
\c@treecount=\count344
\c@branchcount=\count345
\parentbox=\box78
\treebox=\box79
\treeboxone=\box80
\treeboxtwo=\box81
\treeboxthree=\box82
\treeboxfour=\box83
\treeboxfive=\box84
\treeboxsix=\box85
\treeboxseven=\box86
\treeboxeight=\box87
\treeboxnine=\box88
\treeboxten=\box89
\treeboxeleven=\box90
\treeboxtwelve=\box91
\treeboxthirteen=\box92
\treeboxfourteen=\box93
\treeboxfifteen=\box94
\treeboxsixteen=\box95
\treeboxseventeen=\box96
\treeboxeighteen=\box97
\treeboxnineteen=\box98
\treeboxtwenty=\box99
\treeoffsetone=\skip65
\treeoffsettwo=\skip66
\treeoffsetthree=\skip67
\treeoffsetfour=\skip68
\treeoffsetfive=\skip69
\treeoffsetsix=\skip70
\treeoffsetseven=\skip71
\treeoffseteight=\skip72
\treeoffsetnine=\skip73
\treeoffsetten=\skip74
\treeoffseteleven=\skip75
\treeoffsettwelve=\skip76
\treeoffsetthirteen=\skip77
\treeoffsetfourteen=\skip78
\treeoffsetfifteen=\skip79
\treeoffsetsixteen=\skip80
\treeoffsetseventeen=\skip81
\treeoffseteighteen=\skip82
\treeoffsetnineteen=\skip83
\treeoffsettwenty=\skip84
\treeshiftone=\skip85
\treeshifttwo=\skip86
\treeshiftthree=\skip87
\treeshiftfour=\skip88
\treeshiftfive=\skip89
\treeshiftsix=\skip90
\treeshiftseven=\skip91
\treeshifteight=\skip92
\treeshiftnine=\skip93
\treeshiftten=\skip94
\treeshifteleven=\skip95
\treeshifttwelve=\skip96
\treeshiftthirteen=\skip97
\treeshiftfourteen=\skip98
\treeshiftfifteen=\skip99
\treeshiftsixteen=\skip100
\treeshiftseventeen=\skip101
\treeshifteighteen=\skip102
\treeshiftnineteen=\skip103
\treeshifttwenty=\skip104
\treewidthone=\skip105
\treewidthtwo=\skip106
\treewidththree=\skip107
\treewidthfour=\skip108
\treewidthfive=\skip109
\treewidthsix=\skip110
\treewidthseven=\skip111
\treewidtheight=\skip112
\treewidthnine=\skip113
\treewidthten=\skip114
\treewidtheleven=\skip115
\treewidthtwelve=\skip116
\treewidththirteen=\skip117
\treewidthfourteen=\skip118
\treewidthfifteen=\skip119
\treewidthsixteen=\skip120
\treewidthseventeen=\skip121
\treewidtheighteen=\skip122
\treewidthnineteen=\skip123
\treewidthtwenty=\skip124
\daughteroffsetone=\skip125
\daughteroffsettwo=\skip126
\daughteroffsetthree=\skip127
\daughteroffsetfour=\skip128
\branchwidthone=\skip129
\branchwidthtwo=\skip130
\branchwidththree=\skip131
\branchwidthfour=\skip132
\parentoffset=\skip133
\treeoffset=\skip134
\daughteroffset=\skip135
\branchwidth=\skip136
\parentwidth=\skip137
\treewidth=\skip138
\qta=\toks53
\qtb=\toks54
\nbranches=\count346
\qroofx=\count347
\qroofy=\count348
\@qrscratchbox=\box100
)
(/usr/local/texlive/2022/texmf-dist/tex/latex/bussproofs/bussproofs.sty
Proof Tree (bussproofs) style macros. Version 1.1.
\theLevel=\count349
\myMaxLevel=\count350
\myBoxA=\box101
\myBoxB=\box102
\myBoxC=\box103
\myBoxD=\box104
\myBoxLL=\box105
\myBoxRL=\box106
\thisAboveSkip=\dimen312
\thisBelowSkip=\dimen313
\newScoreStart=\dimen314
\newScoreEnd=\dimen315
\newCenter=\dimen316
\displace=\dimen317
\leftLowerAmt=\dimen318
\rightLowerAmt=\dimen319
\scoreHeight=\dimen320
\scoreDepth=\dimen321
\htLbox=\dimen322
\htRbox=\dimen323
\htRRbox=\dimen324
\htRRRbox=\dimen325
\htAbox=\dimen326
\htCbox=\dimen327
) (/usr/local/texlive/2022/texmf-dist/tex/latex/lkproof/proof.sty
\inferLineSkip=\dimen328
\inferLabelSkip=\dimen329
\@LeftOffset=\dimen330
\@RightOffset=\dimen331
\@SavedLeftOffset=\dimen332
\UpperWidth=\dimen333
\LowerWidth=\dimen334
\LowerHeight=\dimen335
\UpperLeftOffset=\dimen336
\UpperRightOffset=\dimen337
\UpperCenter=\dimen338
\LowerCenter=\dimen339
\UpperAdjust=\dimen340
\RuleAdjust=\dimen341
\LowerAdjust=\dimen342
\RuleWidth=\dimen343
\HLabelAdjust=\dimen344
\VLabelAdjust=\dimen345
\WidthAdjust=\dimen346
\@UpperPart=\box107
\@LowerPart=\box108
\@LabelPart=\box109
\ResultBox=\box110
) (./fitch.sty (/usr/local/texlive/2022/texmf-dist/tex/latex/mdwtools/mdwtab.st
y
Package: mdwtab 1998/04/28 1.9 Table typesetting with style
\tab@state=\count351
\tab@columns=\count352
\tab@preamble=\toks55
\tab@shortline=\toks56
\extrarowheight=\dimen347
\tabextrasep=\dimen348
\arrayextrasep=\dimen349
\smarraycolsep=\dimen350
\smarrayextrasep=\dimen351
\tab@width=\dimen352
\col@sep=\dimen353
\tab@endheight=\dimen354
\tab@leftskip=\skip139
\tab@rightskip=\skip140
\fn@notes=\box111
\fn@width=\dimen355
)
(/usr/local/texlive/2022/texmf-dist/tex/latex/base/latexsym.sty
Package: latexsym 1998/08/17 v2.2e Standard LaTeX package (lasy symbols)
\symlasy=\mathgroup7
LaTeX Font Info:    Overwriting symbol font `lasy' in version `bold'
(Font)                  U/lasy/m/n --> U/lasy/b/n on input line 52.
)
(/usr/local/texlive/2022/texmf-dist/tex/latex/base/ifthen.sty
Package: ifthen 2020/11/24 v1.1c Standard LaTeX ifthen package (DPC)
)
\fitchlineht=\skip141
\fitchindent=\skip142
\fitchcomind=\skip143
\fitchnumwd=\skip144
\c@fitchcounter=\count353
)
(/usr/local/texlive/2022/texmf-dist/tex/latex/cancel/cancel.sty
Package: cancel 2013/04/12 v2.2 Cancel math terms
) (./smfthm.sty
Package: smfthm 1999/03/05 v1.0.h Environnements predefinis de theoremes
)
(/usr/local/texlive/2022/texmf-dist/tex/latex/beamer/beamerthemeCambridgeUS.sty

(/usr/local/texlive/2022/texmf-dist/tex/latex/beamer/beamerinnerthemerounded.st
y)
(/usr/local/texlive/2022/texmf-dist/tex/latex/beamer/beamerouterthemeinfolines.
sty)
(/usr/local/texlive/2022/texmf-dist/tex/latex/beamer/beamercolorthemebeaver.sty
)) (./beamer_udl_theme.sty)
(/usr/local/texlive/2022/texmf-dist/tex/latex/lm/ot1lmr.fd
File: ot1lmr.fd 2015/05/01 v1.6.1 Font defs for Latin Modern
)
(/usr/local/texlive/2022/texmf-dist/tex/latex/lm/omllmm.fd
File: omllmm.fd 2015/05/01 v1.6.1 Font defs for Latin Modern
)
(/usr/local/texlive/2022/texmf-dist/tex/latex/lm/omslmsy.fd
File: omslmsy.fd 2015/05/01 v1.6.1 Font defs for Latin Modern
)
(/usr/local/texlive/2022/texmf-dist/tex/latex/lm/omxlmex.fd
File: omxlmex.fd 2015/05/01 v1.6.1 Font defs for Latin Modern
)
(/usr/local/texlive/2022/texmf-dist/tex/latex/amsfonts/umsa.fd
File: umsa.fd 2013/01/14 v3.01 AMS symbols A
)
(/usr/local/texlive/2022/texmf-dist/tex/latex/amsfonts/umsb.fd
File: umsb.fd 2013/01/14 v3.01 AMS symbols B
)
(/usr/local/texlive/2022/texmf-dist/tex/latex/wasysym/uwasy.fd
File: uwasy.fd 2020/01/19 v2.4 Wasy-2 symbol font definitions
)
(/usr/local/texlive/2022/texmf-dist/tex/latex/base/ulasy.fd
File: ulasy.fd 1998/08/17 v2.2e LaTeX symbol font definitions
)

Package hyperref Warning: Token not allowed in a PDF string (Unicode):
(hyperref)                removing `math shift' on input line 54.


Package hyperref Warning: Token not allowed in a PDF string (Unicode):
(hyperref)                removing `math shift' on input line 54.

(/usr/local/texlive/2022/texmf-dist/tex/latex/l3backend/l3backend-pdftex.def
File: l3backend-pdftex.def 2022-02-07 L3 backend support: PDF output (pdfTeX)
\l__color_backend_stack_int=\count354
\l__pdf_internal_box=\box112
)
(./template-presentation-UL.aux)
\openout1 = `template-presentation-UL.aux'.

LaTeX Font Info:    Checking defaults for OML/cmm/m/it on input line 54.
LaTeX Font Info:    ... okay on input line 54.
LaTeX Font Info:    Checking defaults for OMS/cmsy/m/n on input line 54.
LaTeX Font Info:    ... okay on input line 54.
LaTeX Font Info:    Checking defaults for OT1/cmr/m/n on input line 54.
LaTeX Font Info:    ... okay on input line 54.
LaTeX Font Info:    Checking defaults for T1/cmr/m/n on input line 54.
LaTeX Font Info:    ... okay on input line 54.
LaTeX Font Info:    Checking defaults for TS1/cmr/m/n on input line 54.
LaTeX Font Info:    ... okay on input line 54.
LaTeX Font Info:    Checking defaults for OMX/cmex/m/n on input line 54.
LaTeX Font Info:    ... okay on input line 54.
LaTeX Font Info:    Checking defaults for U/cmr/m/n on input line 54.
LaTeX Font Info:    ... okay on input line 54.
LaTeX Font Info:    Checking defaults for PD1/pdf/m/n on input line 54.
LaTeX Font Info:    ... okay on input line 54.
LaTeX Font Info:    Checking defaults for PU/pdf/m/n on input line 54.
LaTeX Font Info:    ... okay on input line 54.

*geometry* driver: auto-detecting
*geometry* detected driver: pdftex
*geometry* verbose mode - [ preamble ] result:
* driver: pdftex
* paper: custom
* layout: <same size as paper>
* layoutoffset:(h,v)=(0.0pt,0.0pt)
* modes: includehead includefoot 
* h-part:(L,W,R)=(10.0pt, 344.19536pt, 10.0pt)
* v-part:(T,H,B)=(0.0pt, 273.14662pt, 0.0pt)
* \paperwidth=364.19536pt
* \paperheight=273.14662pt
* \textwidth=344.19536pt
* \textheight=244.6939pt
* \oddsidemargin=-62.26999pt
* \evensidemargin=-62.26999pt
* \topmargin=-72.26999pt
* \headheight=14.22636pt
* \headsep=0.0pt
* \topskip=10.0pt
* \footskip=14.22636pt
* \marginparwidth=3.0pt
* \marginparsep=11.0pt
* \columnsep=10.0pt
* \skip\footins=9.0pt plus 4.0pt minus 2.0pt
* \hoffset=0.0pt
* \voffset=0.0pt
* \mag=1000
* \@twocolumnfalse
* \@twosidefalse
* \@mparswitchfalse
* \@reversemarginfalse
* (1in=72.27pt=25.4mm, 1cm=28.453pt)

(/usr/local/texlive/2022/texmf-dist/tex/context/base/mkii/supp-pdf.mkii
[Loading MPS to PDF converter (version 2006.09.02).]
\scratchcounter=\count355
\scratchdimen=\dimen356
\scratchbox=\box113
\nofMPsegments=\count356
\nofMParguments=\count357
\everyMPshowfont=\toks57
\MPscratchCnt=\count358
\MPscratchDim=\dimen357
\MPnumerator=\count359
\makeMPintoPDFobject=\count360
\everyMPtoPDFconversion=\toks58
) (/usr/local/texlive/2022/texmf-dist/tex/latex/epstopdf-pkg/epstopdf-base.sty
Package: epstopdf-base 2020-01-24 v2.11 Base part for package epstopdf
Package epstopdf-base Info: Redefining graphics rule for `.eps' on input line 4
85.

(/usr/local/texlive/2022/texmf-dist/tex/latex/latexconfig/epstopdf-sys.cfg
File: epstopdf-sys.cfg 2010/07/13 v1.3 Configuration of (r)epstopdf for TeX Liv
e
))
Package hyperref Info: Link coloring OFF on input line 54.

(/usr/local/texlive/2022/texmf-dist/tex/latex/hyperref/nameref.sty
Package: nameref 2021-04-02 v2.47 Cross-referencing by name of section

(/usr/local/texlive/2022/texmf-dist/tex/latex/refcount/refcount.sty
Package: refcount 2019/12/15 v3.6 Data extraction from label references (HO)
)
(/usr/local/texlive/2022/texmf-dist/tex/generic/gettitlestring/gettitlestring.s
ty
Package: gettitlestring 2019/12/15 v1.6 Cleanup title references (HO)
)
\c@section@level=\count361
)
LaTeX Info: Redefining \ref on input line 54.
LaTeX Info: Redefining \pageref on input line 54.
LaTeX Info: Redefining \nameref on input line 54.
 (./template-presentation-UL.out) (./template-presentation-UL.out)
\@outlinefile=\write5
\openout5 = `template-presentation-UL.out'.

LaTeX Font Info:    Overwriting symbol font `operators' in version `normal'
(Font)                  OT1/lmr/m/n --> OT1/cmss/m/n on input line 54.
LaTeX Font Info:    Overwriting symbol font `operators' in version `bold'
(Font)                  OT1/lmr/bx/n --> OT1/cmss/b/n on input line 54.
LaTeX Font Info:    Overwriting symbol font `operators' in version `normal'
(Font)                  OT1/cmss/m/n --> OT1/lmss/m/n on input line 54.
LaTeX Font Info:    Overwriting symbol font `operators' in version `bold'
(Font)                  OT1/cmss/b/n --> OT1/lmss/b/n on input line 54.
\symnumbers=\mathgroup8
\sympureletters=\mathgroup9
LaTeX Font Info:    Overwriting math alphabet `\mathrm' in version `normal'
(Font)                  OT1/lmss/m/n --> T1/lmr/m/n on input line 54.
LaTeX Font Info:    Redeclaring math alphabet \mathbf on input line 54.
LaTeX Font Info:    Overwriting math alphabet `\mathbf' in version `normal'
(Font)                  OT1/lmr/bx/n --> T1/lmss/b/n on input line 54.
LaTeX Font Info:    Overwriting math alphabet `\mathbf' in version `bold'
(Font)                  OT1/lmr/bx/n --> T1/lmss/b/n on input line 54.
LaTeX Font Info:    Redeclaring math alphabet \mathsf on input line 54.
LaTeX Font Info:    Overwriting math alphabet `\mathsf' in version `normal'
(Font)                  OT1/lmss/m/n --> T1/lmss/m/n on input line 54.
LaTeX Font Info:    Overwriting math alphabet `\mathsf' in version `bold'
(Font)                  OT1/lmss/bx/n --> T1/lmss/m/n on input line 54.
LaTeX Font Info:    Redeclaring math alphabet \mathit on input line 54.
LaTeX Font Info:    Overwriting math alphabet `\mathit' in version `normal'
(Font)                  OT1/lmr/m/it --> T1/lmss/m/it on input line 54.
LaTeX Font Info:    Overwriting math alphabet `\mathit' in version `bold'
(Font)                  OT1/lmr/bx/it --> T1/lmss/m/it on input line 54.
LaTeX Font Info:    Redeclaring math alphabet \mathtt on input line 54.
LaTeX Font Info:    Overwriting math alphabet `\mathtt' in version `normal'
(Font)                  OT1/lmtt/m/n --> T1/lmtt/m/n on input line 54.
LaTeX Font Info:    Overwriting math alphabet `\mathtt' in version `bold'
(Font)                  OT1/lmtt/m/n --> T1/lmtt/m/n on input line 54.
LaTeX Font Info:    Overwriting symbol font `numbers' in version `bold'
(Font)                  T1/lmss/m/n --> T1/lmss/b/n on input line 54.
LaTeX Font Info:    Overwriting symbol font `pureletters' in version `bold'
(Font)                  T1/lmss/m/it --> T1/lmss/b/it on input line 54.
LaTeX Font Info:    Overwriting math alphabet `\mathrm' in version `bold'
(Font)                  OT1/lmss/b/n --> T1/lmr/b/n on input line 54.
LaTeX Font Info:    Overwriting math alphabet `\mathbf' in version `bold'
(Font)                  T1/lmss/b/n --> T1/lmss/b/n on input line 54.
LaTeX Font Info:    Overwriting math alphabet `\mathsf' in version `bold'
(Font)                  T1/lmss/m/n --> T1/lmss/b/n on input line 54.
LaTeX Font Info:    Overwriting math alphabet `\mathit' in version `bold'
(Font)                  T1/lmss/m/it --> T1/lmss/b/it on input line 54.
LaTeX Font Info:    Overwriting math alphabet `\mathtt' in version `bold'
(Font)                  T1/lmtt/m/n --> T1/lmtt/b/n on input line 54.

(/usr/local/texlive/2022/texmf-dist/tex/latex/translator/translator-basic-dicti
onary-English.dict
Dictionary: translator-basic-dictionary, Language: English 
)
(/usr/local/texlive/2022/texmf-dist/tex/latex/translator/translator-bibliograph
y-dictionary-English.dict
Dictionary: translator-bibliography-dictionary, Language: English 
)
(/usr/local/texlive/2022/texmf-dist/tex/latex/translator/translator-environment
-dictionary-English.dict
Dictionary: translator-environment-dictionary, Language: English 
)
(/usr/local/texlive/2022/texmf-dist/tex/latex/translator/translator-months-dict
ionary-English.dict
Dictionary: translator-months-dictionary, Language: English 
)
(/usr/local/texlive/2022/texmf-dist/tex/latex/translator/translator-numbers-dic
tionary-English.dict
Dictionary: translator-numbers-dictionary, Language: English 
)
(/usr/local/texlive/2022/texmf-dist/tex/latex/translator/translator-theorem-dic
tionary-English.dict
Dictionary: translator-theorem-dictionary, Language: English 
)
LaTeX Info: Redefining \degres on input line 54.
LaTeX Info: Redefining \up on input line 54.

(/usr/local/texlive/2022/texmf-dist/tex/latex/ucs/ucsencs.def
File: ucsencs.def 2011/01/21 Fixes to fontencodings LGR, T3
)
\c@smfthm=\count362

(./template-presentation-UL.nav)
LaTeX Font Info:    Trying to load font information for OT1+lmss on input line 
96.

(/usr/local/texlive/2022/texmf-dist/tex/latex/lm/ot1lmss.fd
File: ot1lmss.fd 2015/05/01 v1.6.1 Font defs for Latin Modern
)
LaTeX Font Info:    Font shape `T1/lmss/m/it' in size <10> not available
(Font)              Font shape `T1/lmss/m/sl' tried instead on input line 96.
LaTeX Font Info:    Font shape `T1/lmss/m/it' in size <7> not available
(Font)              Font shape `T1/lmss/m/sl' tried instead on input line 96.
LaTeX Font Info:    Font shape `T1/lmss/m/it' in size <5> not available
(Font)              Font shape `T1/lmss/m/sl' tried instead on input line 96.
<images/Greenplum.png, id=62, 194.4063pt x 48.18pt>
File: images/Greenplum.png Graphic file (type png)
<use images/Greenplum.png>
Package pdftex.def Info: images/Greenplum.png  used on input line 96.
(pdftex.def)             Requested size: 85.35826pt x 21.15514pt.
 [1

{/usr/local/texlive/2022/texmf-var/fonts/map/pdftex/updmap/pdftex.map} <./image
s/Greenplum.png>] (./template-presentation-UL.toc)
File: images/Greenplum.png Graphic file (type png)
<use images/Greenplum.png>
Package pdftex.def Info: images/Greenplum.png  used on input line 102.
(pdftex.def)             Requested size: 85.35826pt x 21.15514pt.
 [2

] (./template-presentation-UL.toc)
File: images/Greenplum.png Graphic file (type png)
<use images/Greenplum.png>
Package pdftex.def Info: images/Greenplum.png  used on input line 104.
(pdftex.def)             Requested size: 85.35826pt x 21.15514pt.

[3

] (./template-presentation-UL.toc)
File: images/Greenplum.png Graphic file (type png)
<use images/Greenplum.png>
Package pdftex.def Info: images/Greenplum.png  used on input line 105.
(pdftex.def)             Requested size: 85.35826pt x 21.15514pt.
 [4

]
<images/author.png, id=137, 932.48375pt x 107.40125pt>
File: images/author.png Graphic file (type png)
<use images/author.png>
Package pdftex.def Info: images/author.png  used on input line 129.
(pdftex.def)             Requested size: 340.7553pt x 39.24782pt.
LaTeX Font Info:    External font `lmex10' loaded for size
(Font)              <9> on input line 129.
LaTeX Font Info:    External font `lmex10' loaded for size
(Font)              <6> on input line 129.
LaTeX Font Info:    Font shape `T1/lmss/m/it' in size <9> not available
(Font)              Font shape `T1/lmss/m/sl' tried instead on input line 129.
LaTeX Font Info:    Font shape `T1/lmss/m/it' in size <6> not available
(Font)              Font shape `T1/lmss/m/sl' tried instead on input line 129.
File: images/Greenplum.png Graphic file (type png)
<use images/Greenplum.png>
Package pdftex.def Info: images/Greenplum.png  used on input line 129.
(pdftex.def)             Requested size: 85.35826pt x 21.15514pt.
 [5

 <./images/author.png>]
<images/Storage.png, id=152, 855.195pt x 521.95pt>
File: images/Storage.png Graphic file (type png)
<use images/Storage.png>
Package pdftex.def Info: images/Storage.png  used on input line 136.
(pdftex.def)             Requested size: 340.7553pt x 207.9719pt.
File: images/Greenplum.png Graphic file (type png)
<use images/Greenplum.png>
Package pdftex.def Info: images/Greenplum.png  used on input line 136.
(pdftex.def)             Requested size: 85.35826pt x 21.15514pt.
 [6

 <./images/Storage.png (PNG copy)>]
<images/Arch.png, id=161, 559.3698pt x 400.3758pt>
File: images/Arch.png Graphic file (type png)
<use images/Arch.png>
Package pdftex.def Info: images/Arch.png  used on input line 161.
(pdftex.def)             Requested size: 170.37764pt x 121.94643pt.
File: images/Greenplum.png Graphic file (type png)
<use images/Greenplum.png>
Package pdftex.def Info: images/Greenplum.png  used on input line 161.
(pdftex.def)             Requested size: 85.35826pt x 21.15514pt.
 [7

 <./images/Arch.png>]
File: images/Arch.png Graphic file (type png)
<use images/Arch.png>
Package pdftex.def Info: images/Arch.png  used on input line 161.
(pdftex.def)             Requested size: 170.37764pt x 121.94643pt.
File: images/Greenplum.png Graphic file (type png)
<use images/Greenplum.png>
Package pdftex.def Info: images/Greenplum.png  used on input line 161.
(pdftex.def)             Requested size: 85.35826pt x 21.15514pt.
 [8

]
(/usr/local/texlive/2022/texmf-dist/tex/latex/ucs/data/uni-32.def
File: uni-32.def 2013/05/13 UCS: Unicode data U+2000..U+20FF
)
File: images/Greenplum.png Graphic file (type png)
<use images/Greenplum.png>
Package pdftex.def Info: images/Greenplum.png  used on input line 183.
(pdftex.def)             Requested size: 85.35826pt x 21.15514pt.
 [9

]
File: images/Greenplum.png Graphic file (type png)
<use images/Greenplum.png>
Package pdftex.def Info: images/Greenplum.png  used on input line 183.
(pdftex.def)             Requested size: 85.35826pt x 21.15514pt.
 [10

]
File: images/Greenplum.png Graphic file (type png)
<use images/Greenplum.png>
Package pdftex.def Info: images/Greenplum.png  used on input line 183.
(pdftex.def)             Requested size: 85.35826pt x 21.15514pt.

[11

]
LaTeX Font Info:    External font `lmex10' loaded for size
(Font)              <8> on input line 209.
LaTeX Font Info:    Font shape `T1/lmss/m/it' in size <8> not available
(Font)              Font shape `T1/lmss/m/sl' tried instead on input line 209.
File: images/Greenplum.png Graphic file (type png)
<use images/Greenplum.png>
Package pdftex.def Info: images/Greenplum.png  used on input line 209.
(pdftex.def)             Requested size: 85.35826pt x 21.15514pt.
 [12

]
File: images/Greenplum.png Graphic file (type png)
<use images/Greenplum.png>
Package pdftex.def Info: images/Greenplum.png  used on input line 209.
(pdftex.def)             Requested size: 85.35826pt x 21.15514pt.
 [13

]
File: images/Greenplum.png Graphic file (type png)
<use images/Greenplum.png>
Package pdftex.def Info: images/Greenplum.png  used on input line 209.
(pdftex.def)             Requested size: 85.35826pt x 21.15514pt.
 [14

]
<images/buffer.png, id=234, 659.46375pt x 258.21469pt>
File: images/buffer.png Graphic file (type png)
<use images/buffer.png>
Package pdftex.def Info: images/buffer.png  used on input line 220.
(pdftex.def)             Requested size: 340.7553pt x 133.4253pt.
File: images/Greenplum.png Graphic file (type png)
<use images/Greenplum.png>
Package pdftex.def Info: images/Greenplum.png  used on input line 220.
(pdftex.def)             Requested size: 85.35826pt x 21.15514pt.
 [15

 <./images/buffer.png>]
<images/buffer1.png, id=244, 963.6pt x 542.025pt>
File: images/buffer1.png Graphic file (type png)
<use images/buffer1.png>
Package pdftex.def Info: images/buffer1.png  used on input line 231.
(pdftex.def)             Requested size: 326.98453pt x 183.92215pt.
LaTeX Font Info:    External font `lmex10' loaded for size
(Font)              <14.4> on input line 231.
LaTeX Font Info:    Font shape `T1/lmss/m/it' in size <14.4> not available
(Font)              Font shape `T1/lmss/m/sl' tried instead on input line 231.
File: images/Greenplum.png Graphic file (type png)
<use images/Greenplum.png>
Package pdftex.def Info: images/Greenplum.png  used on input line 231.
(pdftex.def)             Requested size: 85.35826pt x 21.15514pt.
 [16

 <./images/buffer1.png>]
<images/sts.png, id=254, 695.59875pt x 273.02pt>
File: images/sts.png Graphic file (type png)
<use images/sts.png>
Package pdftex.def Info: images/sts.png  used on input line 249.
(pdftex.def)             Requested size: 258.14651pt x 101.31993pt.
File: images/Greenplum.png Graphic file (type png)
<use images/Greenplum.png>
Package pdftex.def Info: images/Greenplum.png  used on input line 249.
(pdftex.def)             Requested size: 85.35826pt x 21.15514pt.

[17

 <./images/sts.png>]
File: images/sts.png Graphic file (type png)
<use images/sts.png>
Package pdftex.def Info: images/sts.png  used on input line 249.
(pdftex.def)             Requested size: 258.14651pt x 101.31993pt.
File: images/Greenplum.png Graphic file (type png)
<use images/Greenplum.png>
Package pdftex.def Info: images/Greenplum.png  used on input line 249.
(pdftex.def)             Requested size: 85.35826pt x 21.15514pt.
 [18

]
File: images/sts.png Graphic file (type png)
<use images/sts.png>
Package pdftex.def Info: images/sts.png  used on input line 249.
(pdftex.def)             Requested size: 258.14651pt x 101.31993pt.
File: images/Greenplum.png Graphic file (type png)
<use images/Greenplum.png>
Package pdftex.def Info: images/Greenplum.png  used on input line 249.
(pdftex.def)             Requested size: 85.35826pt x 21.15514pt.
 [19

]
File: images/sts.png Graphic file (type png)
<use images/sts.png>
Package pdftex.def Info: images/sts.png  used on input line 249.
(pdftex.def)             Requested size: 258.14651pt x 101.31993pt.
File: images/Greenplum.png Graphic file (type png)
<use images/Greenplum.png>
Package pdftex.def Info: images/Greenplum.png  used on input line 249.
(pdftex.def)             Requested size: 85.35826pt x 21.15514pt.
 [20

]
<images/shm.png, id=294, 1526.70375pt x 757.83125pt>
File: images/shm.png Graphic file (type png)
<use images/shm.png>
Package pdftex.def Info: images/shm.png  used on input line 259.
(pdftex.def)             Requested size: 243.14648pt x 120.68886pt.
File: images/Greenplum.png Graphic file (type png)
<use images/Greenplum.png>
Package pdftex.def Info: images/Greenplum.png  used on input line 259.
(pdftex.def)             Requested size: 85.35826pt x 21.15514pt.
 [21

 <./images/shm.png>]
<images/stonebraker.png, id=306, 251.94125pt x 137.51375pt>
File: images/stonebraker.png Graphic file (type png)
<use images/stonebraker.png>
Package pdftex.def Info: images/stonebraker.png  used on input line 277.
(pdftex.def)             Requested size: 162.09766pt x 88.47641pt.
File: images/Greenplum.png Graphic file (type png)
<use images/Greenplum.png>
Package pdftex.def Info: images/Greenplum.png  used on input line 277.
(pdftex.def)             Requested size: 85.35826pt x 21.15514pt.
 [22

 <./images/stonebraker.png>]
<images/readahead.png, id=318, 4270.95625pt x 1188.44pt>
File: images/readahead.png Graphic file (type png)
<use images/readahead.png>
Package pdftex.def Info: images/readahead.png  used on input line 290.
(pdftex.def)             Requested size: 320.95515pt x 89.29236pt.
File: images/Greenplum.png Graphic file (type png)
<use images/Greenplum.png>
Package pdftex.def Info: images/Greenplum.png  used on input line 290.
(pdftex.def)             Requested size: 85.35826pt x 21.15514pt.
 [23

 <./images/readahead.png>]
<images/mmap.png, id=330, 271.0125pt x 224.84pt>
File: images/mmap.png Graphic file (type png)
<use images/mmap.png>
Package pdftex.def Info: images/mmap.png  used on input line 305.
(pdftex.def)             Requested size: 120.47047pt x 99.9454pt.
File: images/Greenplum.png Graphic file (type png)
<use images/Greenplum.png>
Package pdftex.def Info: images/Greenplum.png  used on input line 305.
(pdftex.def)             Requested size: 85.35826pt x 21.15514pt.
 [24

 <./images/mmap.png>]
File: images/mmap.png Graphic file (type png)
<use images/mmap.png>
Package pdftex.def Info: images/mmap.png  used on input line 305.
(pdftex.def)             Requested size: 120.47047pt x 99.9454pt.
File: images/Greenplum.png Graphic file (type png)
<use images/Greenplum.png>
Package pdftex.def Info: images/Greenplum.png  used on input line 305.
(pdftex.def)             Requested size: 85.35826pt x 21.15514pt.
 [25

]
File: images/mmap.png Graphic file (type png)
<use images/mmap.png>
Package pdftex.def Info: images/mmap.png  used on input line 305.
(pdftex.def)             Requested size: 120.47047pt x 99.9454pt.
File: images/Greenplum.png Graphic file (type png)
<use images/Greenplum.png>
Package pdftex.def Info: images/Greenplum.png  used on input line 305.
(pdftex.def)             Requested size: 85.35826pt x 21.15514pt.

[26

]
File: images/mmap.png Graphic file (type png)
<use images/mmap.png>
Package pdftex.def Info: images/mmap.png  used on input line 305.
(pdftex.def)             Requested size: 120.47047pt x 99.9454pt.
File: images/Greenplum.png Graphic file (type png)
<use images/Greenplum.png>
Package pdftex.def Info: images/Greenplum.png  used on input line 305.
(pdftex.def)             Requested size: 85.35826pt x 21.15514pt.
 [27

]
File: images/Greenplum.png Graphic file (type png)
<use images/Greenplum.png>
Package pdftex.def Info: images/Greenplum.png  used on input line 312.
(pdftex.def)             Requested size: 85.35826pt x 21.15514pt.
 [28

] (./template-presentation-UL.toc)
File: images/Greenplum.png Graphic file (type png)
<use images/Greenplum.png>
Package pdftex.def Info: images/Greenplum.png  used on input line 314.
(pdftex.def)             Requested size: 85.35826pt x 21.15514pt.
 [29

]
File: images/Greenplum.png Graphic file (type png)
<use images/Greenplum.png>
Package pdftex.def Info: images/Greenplum.png  used on input line 325.
(pdftex.def)             Requested size: 85.35826pt x 21.15514pt.
 [30

]
(./template-presentation-UL.toc)
File: images/Greenplum.png Graphic file (type png)
<use images/Greenplum.png>
Package pdftex.def Info: images/Greenplum.png  used on input line 327.
(pdftex.def)             Requested size: 85.35826pt x 21.15514pt.
 [31

]
File: images/Greenplum.png Graphic file (type png)
<use images/Greenplum.png>
Package pdftex.def Info: images/Greenplum.png  used on input line 342.
(pdftex.def)             Requested size: 85.35826pt x 21.15514pt.
 [32

]
File: images/Greenplum.png Graphic file (type png)
<use images/Greenplum.png>
Package pdftex.def Info: images/Greenplum.png  used on input line 365.
(pdftex.def)             Requested size: 85.35826pt x 21.15514pt.
 [33

]
File: images/Greenplum.png Graphic file (type png)
<use images/Greenplum.png>
Package pdftex.def Info: images/Greenplum.png  used on input line 365.
(pdftex.def)             Requested size: 85.35826pt x 21.15514pt.
 [34

]
File: images/Greenplum.png Graphic file (type png)
<use images/Greenplum.png>
Package pdftex.def Info: images/Greenplum.png  used on input line 365.
(pdftex.def)             Requested size: 85.35826pt x 21.15514pt.
 [35

]
File: images/Greenplum.png Graphic file (type png)
<use images/Greenplum.png>
Package pdftex.def Info: images/Greenplum.png  used on input line 365.
(pdftex.def)             Requested size: 85.35826pt x 21.15514pt.
 [36

]
File: images/Greenplum.png Graphic file (type png)
<use images/Greenplum.png>
Package pdftex.def Info: images/Greenplum.png  used on input line 365.
(pdftex.def)             Requested size: 85.35826pt x 21.15514pt.
 [37

]
File: images/Greenplum.png Graphic file (type png)
<use images/Greenplum.png>
Package pdftex.def Info: images/Greenplum.png  used on input line 365.
(pdftex.def)             Requested size: 85.35826pt x 21.15514pt.
 [38

]
File: images/Greenplum.png Graphic file (type png)
<use images/Greenplum.png>
Package pdftex.def Info: images/Greenplum.png  used on input line 365.
(pdftex.def)             Requested size: 85.35826pt x 21.15514pt.

[39

]
File: images/Greenplum.png Graphic file (type png)
<use images/Greenplum.png>
Package pdftex.def Info: images/Greenplum.png  used on input line 365.
(pdftex.def)             Requested size: 85.35826pt x 21.15514pt.
 [40

]
File: images/Greenplum.png Graphic file (type png)
<use images/Greenplum.png>
Package pdftex.def Info: images/Greenplum.png  used on input line 365.
(pdftex.def)             Requested size: 85.35826pt x 21.15514pt.
 [41

]
File: images/Greenplum.png Graphic file (type png)
<use images/Greenplum.png>
Package pdftex.def Info: images/Greenplum.png  used on input line 365.
(pdftex.def)             Requested size: 85.35826pt x 21.15514pt.
 [42

]
<images/shadow.pdf, id=491, 453.02248pt x 342.68826pt>
File: images/shadow.pdf Graphic file (type pdf)
<use images/shadow.pdf>
Package pdftex.def Info: images/shadow.pdf  used on input line 376.
(pdftex.def)             Requested size: 227.62204pt x 172.18558pt.
File: images/Greenplum.png Graphic file (type png)
<use images/Greenplum.png>
Package pdftex.def Info: images/Greenplum.png  used on input line 376.
(pdftex.def)             Requested size: 85.35826pt x 21.15514pt.
 [43

 <./images/shadow.pdf>]
File: images/Greenplum.png Graphic file (type png)
<use images/Greenplum.png>
Package pdftex.def Info: images/Greenplum.png  used on input line 388.
(pdftex.def)             Requested size: 85.35826pt x 21.15514pt.
 [44

]
File: images/Greenplum.png Graphic file (type png)
<use images/Greenplum.png>
Package pdftex.def Info: images/Greenplum.png  used on input line 400.
(pdftex.def)             Requested size: 85.35826pt x 21.15514pt.
 [45

]
File: images/Greenplum.png Graphic file (type png)
<use images/Greenplum.png>
Package pdftex.def Info: images/Greenplum.png  used on input line 418.
(pdftex.def)             Requested size: 85.35826pt x 21.15514pt.
 [46

]
(./template-presentation-UL.toc)
File: images/Greenplum.png Graphic file (type png)
<use images/Greenplum.png>
Package pdftex.def Info: images/Greenplum.png  used on input line 420.
(pdftex.def)             Requested size: 85.35826pt x 21.15514pt.
 [47

]
<images/rr.png, id=572, 451.6875pt x 194.7275pt>
File: images/rr.png Graphic file (type png)
<use images/rr.png>
Package pdftex.def Info: images/rr.png  used on input line 431.
(pdftex.def)             Requested size: 258.14651pt x 111.29591pt.
File: images/Greenplum.png Graphic file (type png)
<use images/Greenplum.png>
Package pdftex.def Info: images/Greenplum.png  used on input line 431.
(pdftex.def)             Requested size: 85.35826pt x 21.15514pt.
 [48

 <./images/rr.png>]
<images/rr_tlb.png, id=582, 442.65375pt x 192.72pt>
File: images/rr_tlb.png Graphic file (type png)
<use images/rr_tlb.png>
Package pdftex.def Info: images/rr_tlb.png  used on input line 441.
(pdftex.def)             Requested size: 258.14651pt x 112.3952pt.
File: images/Greenplum.png Graphic file (type png)
<use images/Greenplum.png>
Package pdftex.def Info: images/Greenplum.png  used on input line 441.
(pdftex.def)             Requested size: 85.35826pt x 21.15514pt.
 [49

 <./images/rr_tlb.png>]
<images/ss.png, id=592, 477.785pt x 440.64626pt>
File: images/ss.png Graphic file (type png)
<use images/ss.png>
Package pdftex.def Info: images/ss.png  used on input line 448.
(pdftex.def)             Requested size: 223.72487pt x 206.33054pt.
File: images/Greenplum.png Graphic file (type png)
<use images/Greenplum.png>
Package pdftex.def Info: images/Greenplum.png  used on input line 448.
(pdftex.def)             Requested size: 85.35826pt x 21.15514pt.
 [50

 <./images/ss.png>] (./template-presentation-UL.toc)
File: images/Greenplum.png Graphic file (type png)
<use images/Greenplum.png>
Package pdftex.def Info: images/Greenplum.png  used on input line 450.
(pdftex.def)             Requested size: 85.35826pt x 21.15514pt.
 [51

]
(./template-presentation-UL.toc)
File: images/Greenplum.png Graphic file (type png)
<use images/Greenplum.png>
Package pdftex.def Info: images/Greenplum.png  used on input line 451.
(pdftex.def)             Requested size: 85.35826pt x 21.15514pt.
 [52

]
File: images/Greenplum.png Graphic file (type png)
<use images/Greenplum.png>
Package pdftex.def Info: images/Greenplum.png  used on input line 474.
(pdftex.def)             Requested size: 85.35826pt x 21.15514pt.
 [53

]
File: images/Greenplum.png Graphic file (type png)
<use images/Greenplum.png>
Package pdftex.def Info: images/Greenplum.png  used on input line 474.
(pdftex.def)             Requested size: 85.35826pt x 21.15514pt.
 [54

]
File: images/Greenplum.png Graphic file (type png)
<use images/Greenplum.png>
Package pdftex.def Info: images/Greenplum.png  used on input line 474.
(pdftex.def)             Requested size: 85.35826pt x 21.15514pt.
 [55

]
File: images/Greenplum.png Graphic file (type png)
<use images/Greenplum.png>
Package pdftex.def Info: images/Greenplum.png  used on input line 474.
(pdftex.def)             Requested size: 85.35826pt x 21.15514pt.
 [56

]
File: images/Greenplum.png Graphic file (type png)
<use images/Greenplum.png>
Package pdftex.def Info: images/Greenplum.png  used on input line 474.
(pdftex.def)             Requested size: 85.35826pt x 21.15514pt.
 [57

]
File: images/Greenplum.png Graphic file (type png)
<use images/Greenplum.png>
Package pdftex.def Info: images/Greenplum.png  used on input line 474.
(pdftex.def)             Requested size: 85.35826pt x 21.15514pt.
 [58

]
File: images/Greenplum.png Graphic file (type png)
<use images/Greenplum.png>
Package pdftex.def Info: images/Greenplum.png  used on input line 474.
(pdftex.def)             Requested size: 85.35826pt x 21.15514pt.
 [59

]
File: images/Greenplum.png Graphic file (type png)
<use images/Greenplum.png>
Package pdftex.def Info: images/Greenplum.png  used on input line 474.
(pdftex.def)             Requested size: 85.35826pt x 21.15514pt.

[60

] (./template-presentation-UL.toc)
File: images/Greenplum.png Graphic file (type png)
<use images/Greenplum.png>
Package pdftex.def Info: images/Greenplum.png  used on input line 476.
(pdftex.def)             Requested size: 85.35826pt x 21.15514pt.
 [61

]
File: images/Greenplum.png Graphic file (type png)
<use images/Greenplum.png>
Package pdftex.def Info: images/Greenplum.png  used on input line 483.
(pdftex.def)             Requested size: 85.35826pt x 21.15514pt.
 [62

] (./template-presentation-UL.toc)
File: images/Greenplum.png Graphic file (type png)
<use images/Greenplum.png>
Package pdftex.def Info: images/Greenplum.png  used on input line 493.
(pdftex.def)             Requested size: 85.35826pt x 21.15514pt.
 [63

]
<images/thanks.png, id=728, 70.74852pt x 143.77927pt>
File: images/thanks.png Graphic file (type png)
<use images/thanks.png>
Package pdftex.def Info: images/thanks.png  used on input line 509.
(pdftex.def)             Requested size: 56.9055pt x 115.64882pt.
 [64

 <./images/thanks.png>]
\tf@nav=\write6
\openout6 = `template-presentation-UL.nav'.

\tf@toc=\write7
\openout7 = `template-presentation-UL.toc'.

\tf@snm=\write8
\openout8 = `template-presentation-UL.snm'.

 (./template-presentation-UL.aux)
Package rerunfilecheck Info: File `template-presentation-UL.out' has not change
d.
(rerunfilecheck)             Checksum: C3502AD94844DCF5FF0658BBFFB5CE56;1369.
 ) 
Here is how much of TeX's memory you used:
 26926 strings out of 478268
 511215 string characters out of 5846347
 776051 words of memory out of 5000000
 44336 multiletter control sequences out of 15000+600000
 554837 words of font info for 99 fonts, out of 8000000 for 9000
 1141 hyphenation exceptions out of 8191
 128i,15n,122p,471b,811s stack positions out of 10000i,1000n,20000p,200000b,200000s
{/usr/local/texlive/2022/texmf-dist/fonts/enc/dvips/lm/lm-ec.enc}{/usr/local/
texlive/2022/texmf-dist/fonts/enc/dvips/lm/lm-mathsy.enc}{/usr/local/texlive/20
22/texmf-dist/fonts/enc/dvips/lm/lm-mathit.enc}{/usr/local/texlive/2022/texmf-d
ist/fonts/enc/dvips/lm/lm-rm.enc}</usr/local/texlive/2022/texmf-dist/fonts/type
1/public/lm/lmmi10.pfb></usr/local/texlive/2022/texmf-dist/fonts/type1/public/l
m/lmss10.pfb></usr/local/texlive/2022/texmf-dist/fonts/type1/public/lm/lmss12.p
fb></usr/local/texlive/2022/texmf-dist/fonts/type1/public/lm/lmss17.pfb></usr/l
ocal/texlive/2022/texmf-dist/fonts/type1/public/lm/lmss8.pfb></usr/local/texliv
e/2022/texmf-dist/fonts/type1/public/lm/lmss9.pfb></usr/local/texlive/2022/texm
f-dist/fonts/type1/public/lm/lmsy7.pfb></usr/local/texlive/2022/texmf-dist/font
s/type1/public/lm/lmsy8.pfb></usr/local/texlive/2022/texmf-dist/fonts/type1/pub
lic/lm/lmsy9.pfb></usr/local/texlive/2022/texmf-dist/fonts/type1/public/amsfont
s/symbols/msam10.pfb>
Output written on template-presentation-UL.pdf (64 pages, 1651892 bytes).
PDF statistics:
 818 PDF objects out of 1000 (max. 8388607)
 657 compressed objects within 7 object streams
 138 named destinations out of 1000 (max. 500000)
 255 words of extra memory for PDF output out of 10000 (max. 10000000)

